DEBUG:root:Going through files...
DEBUG:root:Scanning Burnout 2 - Point of Impact (USA).7z
DEBUG:root:Scanning Colin McRae Rally 2.0 [U] [SLUS-01222].rar
DEBUG:root:Scanning Colin McRae Rally 2005 (Europe).7z
DEBUG:root:Scanning Iron Man (USA) (En,Fr,Es).7z
DEBUG:root:Scanning Medal of Honor - Vanguard (USA).7z
DEBUG:root:Scanning Need for Speed - Nitro-X (USA).zip
DEBUG:root:Scanning SOCOM - U.S. Navy SEALs - Fireteam Bravo 2 (USA).7z
DEBUG:root:Scanning Star Wars - Battlefront II (USA).7z
DEBUG:root:Scanning test1.txt
DEBUG:root:Scanning test2.pdf
DEBUG:root:Scanning test3.iso
DEBUG:root:Scanning test4.nes
DEBUG:root:Going through files...
DEBUG:root:Scanning Burnout 2 - Point of Impact (USA).7z
DEBUG:root:Scanning Colin McRae Rally 2.0 [U] [SLUS-01222].rar
DEBUG:root:Scanning Colin McRae Rally 2005 (Europe).7z
DEBUG:root:Scanning Iron Man (USA) (En,Fr,Es).7z
DEBUG:root:Scanning Medal of Honor - Vanguard (USA).7z
DEBUG:root:Scanning Need for Speed - Nitro-X (USA).zip
DEBUG:root:Scanning SOCOM - U.S. Navy SEALs - Fireteam Bravo 2 (USA).7z
DEBUG:root:Scanning Star Wars - Battlefront II (USA).7z
DEBUG:root:Scanning test1.txt
DEBUG:root:Scanning test2.pdf
DEBUG:root:Scanning test3.iso
DEBUG:root:Scanning test4.nes
DEBUG:root:The list of files is: [WindowsPath('test_files/Burnout 2 - Point of Impact (USA).7z'), WindowsPath('test_files/Colin McRae Rally 2.0 [U] [SLUS-01222].rar'), WindowsPath('test_files/Colin McRae Rally 2005 (Europe).7z'), WindowsPath('test_files/Iron Man (USA) (En,Fr,Es).7z'), WindowsPath('test_files/Medal of Honor - Vanguard (USA).7z'), WindowsPath('test_files/Need for Speed - Nitro-X (USA).zip'), WindowsPath('test_files/SOCOM - U.S. Navy SEALs - Fireteam Bravo 2 (USA).7z'), WindowsPath('test_files/Star Wars - Battlefront II (USA).7z'), WindowsPath('test_files/test1.txt'), WindowsPath('test_files/test2.pdf'), WindowsPath('test_files/test3.iso'), WindowsPath('test_files/test4.nes')]
DEBUG:root:Going through files...
DEBUG:root:Scanning Burnout 2 - Point of Impact (USA).7z
DEBUG:root:Scanning Colin McRae Rally 2.0 [U] [SLUS-01222].rar
DEBUG:root:Scanning Colin McRae Rally 2005 (Europe).7z
DEBUG:root:Scanning Iron Man (USA) (En,Fr,Es).7z
DEBUG:root:Scanning Medal of Honor - Vanguard (USA).7z
DEBUG:root:Scanning Need for Speed - Nitro-X (USA).zip
DEBUG:root:Scanning SOCOM - U.S. Navy SEALs - Fireteam Bravo 2 (USA).7z
DEBUG:root:Scanning Star Wars - Battlefront II (USA).7z
DEBUG:root:Scanning test1.txt
DEBUG:root:Scanning test2.pdf
DEBUG:root:Scanning test3.iso
DEBUG:root:Scanning test4.nes
DEBUG:root:The list of files is: [WindowsPath('test_files/Burnout 2 - Point of Impact (USA).7z'), WindowsPath('test_files/Colin McRae Rally 2.0 [U] [SLUS-01222].rar'), WindowsPath('test_files/Colin McRae Rally 2005 (Europe).7z'), WindowsPath('test_files/Iron Man (USA) (En,Fr,Es).7z'), WindowsPath('test_files/Medal of Honor - Vanguard (USA).7z'), WindowsPath('test_files/Need for Speed - Nitro-X (USA).zip'), WindowsPath('test_files/SOCOM - U.S. Navy SEALs - Fireteam Bravo 2 (USA).7z'), WindowsPath('test_files/Star Wars - Battlefront II (USA).7z'), WindowsPath('test_files/test1.txt'), WindowsPath('test_files/test2.pdf'), WindowsPath('test_files/test3.iso'), WindowsPath('test_files/test4.nes')]
DEBUG:root:Going through files...
DEBUG:root:Scanning Burnout 2 - Point of Impact (USA).7z
DEBUG:root:Scanning Colin McRae Rally 2.0 [U] [SLUS-01222].rar
DEBUG:root:Scanning Colin McRae Rally 2005 (Europe).7z
DEBUG:root:Scanning Iron Man (USA) (En,Fr,Es).7z
DEBUG:root:Scanning Medal of Honor - Vanguard (USA).7z
DEBUG:root:Scanning Need for Speed - Nitro-X (USA).zip
DEBUG:root:Scanning SOCOM - U.S. Navy SEALs - Fireteam Bravo 2 (USA).7z
DEBUG:root:Scanning Star Wars - Battlefront II (USA).7z
DEBUG:root:Scanning test1.txt
DEBUG:root:Scanning test2.pdf
DEBUG:root:Scanning test3.iso
DEBUG:root:Scanning test4.nes
DEBUG:root:The list of files is: [WindowsPath('test_files/Burnout 2 - Point of Impact (USA).7z'), WindowsPath('test_files/Colin McRae Rally 2.0 [U] [SLUS-01222].rar'), WindowsPath('test_files/Colin McRae Rally 2005 (Europe).7z'), WindowsPath('test_files/Iron Man (USA) (En,Fr,Es).7z'), WindowsPath('test_files/Medal of Honor - Vanguard (USA).7z'), WindowsPath('test_files/Need for Speed - Nitro-X (USA).zip'), WindowsPath('test_files/SOCOM - U.S. Navy SEALs - Fireteam Bravo 2 (USA).7z'), WindowsPath('test_files/Star Wars - Battlefront II (USA).7z'), WindowsPath('test_files/test1.txt'), WindowsPath('test_files/test2.pdf'), WindowsPath('test_files/test3.iso'), WindowsPath('test_files/test4.nes')]
DEBUG:root:Going through files...
DEBUG:root:Scanning Burnout 2 - Point of Impact (USA).7z
DEBUG:root:Scanning Colin McRae Rally 2.0 [U] [SLUS-01222].rar
DEBUG:root:Scanning Colin McRae Rally 2005 (Europe).7z
DEBUG:root:Scanning Iron Man (USA) (En,Fr,Es).7z
DEBUG:root:Scanning Medal of Honor - Vanguard (USA).7z
DEBUG:root:Scanning Need for Speed - Nitro-X (USA).zip
DEBUG:root:Scanning SOCOM - U.S. Navy SEALs - Fireteam Bravo 2 (USA).7z
DEBUG:root:Scanning Star Wars - Battlefront II (USA).7z
DEBUG:root:Scanning test1.txt
DEBUG:root:Scanning test2.pdf
DEBUG:root:Scanning test3.iso
DEBUG:root:Scanning test4.nes
DEBUG:root:The list of files is: [WindowsPath('test_files/Burnout 2 - Point of Impact (USA).7z'), WindowsPath('test_files/Colin McRae Rally 2.0 [U] [SLUS-01222].rar'), WindowsPath('test_files/Colin McRae Rally 2005 (Europe).7z'), WindowsPath('test_files/Iron Man (USA) (En,Fr,Es).7z'), WindowsPath('test_files/Medal of Honor - Vanguard (USA).7z'), WindowsPath('test_files/Need for Speed - Nitro-X (USA).zip'), WindowsPath('test_files/SOCOM - U.S. Navy SEALs - Fireteam Bravo 2 (USA).7z'), WindowsPath('test_files/Star Wars - Battlefront II (USA).7z'), WindowsPath('test_files/test1.txt'), WindowsPath('test_files/test2.pdf'), WindowsPath('test_files/test3.iso'), WindowsPath('test_files/test4.nes')]
